<?xml version="1.0" encoding="UTF-8"?>
<!-- Generated by org.testng.reporters.JUnitReportReporter -->
<testsuite hostname="DESKTOP-PU497JM" failures="0" tests="2" name="example22.qty" time="164.983" errors="0" timestamp="2024-11-16T16:24:00 IST" skipped="0">
  <testcase classname="example22.qty" name="testchrome" time="72.121"/>
  <testcase classname="example22.qty" name="testfirefox" time="92.862"/>
</testsuite> <!-- example22.qty -->
